DEBUG com.genie3.eventsLocation.App.main() org.jboss.logging - Logging Provider: org.jboss.logging.Log4jLoggerProvider
INFO com.genie3.eventsLocation.App.main() org.hibernate.validator.internal.util.Version - HV000001: Hibernate Validator 5.1.3.Final
DEBUG com.genie3.eventsLocation.App.main() org.hibernate.validator.internal.engine.resolver.DefaultTraversableResolver - Cannot find javax.persistence.Persistence on classpath. Assuming non JPA 2 environment. All properties will per default be traversable.
DEBUG com.genie3.eventsLocation.App.main() org.hibernate.validator.internal.xml.ValidationXmlParser - Trying to load META-INF/validation.xml for XML based Validator configuration.
DEBUG com.genie3.eventsLocation.App.main() org.hibernate.validator.internal.xml.ValidationXmlParser - No META-INF/validation.xml found. Using annotation based configuration only.
DEBUG com.genie3.eventsLocation.App.main() org.jboss.logging - Logging Provider: org.jboss.logging.Log4jLoggerProvider
INFO com.genie3.eventsLocation.App.main() org.hibernate.validator.internal.util.Version - HV000001: Hibernate Validator 5.1.3.Final
DEBUG com.genie3.eventsLocation.App.main() org.hibernate.validator.internal.engine.resolver.DefaultTraversableResolver - Cannot find javax.persistence.Persistence on classpath. Assuming non JPA 2 environment. All properties will per default be traversable.
DEBUG com.genie3.eventsLocation.App.main() org.hibernate.validator.internal.xml.ValidationXmlParser - Trying to load META-INF/validation.xml for XML based Validator configuration.
DEBUG com.genie3.eventsLocation.App.main() org.hibernate.validator.internal.xml.ValidationXmlParser - No META-INF/validation.xml found. Using annotation based configuration only.
DEBUG com.genie3.eventsLocation.App.main() org.jboss.logging - Logging Provider: org.jboss.logging.Log4jLoggerProvider
INFO com.genie3.eventsLocation.App.main() org.hibernate.validator.internal.util.Version - HV000001: Hibernate Validator 5.1.3.Final
DEBUG com.genie3.eventsLocation.App.main() org.hibernate.validator.internal.engine.resolver.DefaultTraversableResolver - Cannot find javax.persistence.Persistence on classpath. Assuming non JPA 2 environment. All properties will per default be traversable.
DEBUG com.genie3.eventsLocation.App.main() org.hibernate.validator.internal.xml.ValidationXmlParser - Trying to load META-INF/validation.xml for XML based Validator configuration.
DEBUG com.genie3.eventsLocation.App.main() org.hibernate.validator.internal.xml.ValidationXmlParser - No META-INF/validation.xml found. Using annotation based configuration only.
DEBUG com.genie3.eventsLocation.App.main() org.jboss.logging - Logging Provider: org.jboss.logging.Log4jLoggerProvider
INFO com.genie3.eventsLocation.App.main() org.hibernate.validator.internal.util.Version - HV000001: Hibernate Validator 5.1.3.Final
DEBUG com.genie3.eventsLocation.App.main() org.hibernate.validator.internal.engine.resolver.DefaultTraversableResolver - Cannot find javax.persistence.Persistence on classpath. Assuming non JPA 2 environment. All properties will per default be traversable.
DEBUG com.genie3.eventsLocation.App.main() org.hibernate.validator.internal.xml.ValidationXmlParser - Trying to load META-INF/validation.xml for XML based Validator configuration.
DEBUG com.genie3.eventsLocation.App.main() org.hibernate.validator.internal.xml.ValidationXmlParser - No META-INF/validation.xml found. Using annotation based configuration only.
DEBUG com.genie3.eventsLocation.App.main() org.jboss.logging - Logging Provider: org.jboss.logging.Log4jLoggerProvider
INFO com.genie3.eventsLocation.App.main() org.hibernate.validator.internal.util.Version - HV000001: Hibernate Validator 5.1.3.Final
DEBUG com.genie3.eventsLocation.App.main() org.hibernate.validator.internal.engine.resolver.DefaultTraversableResolver - Cannot find javax.persistence.Persistence on classpath. Assuming non JPA 2 environment. All properties will per default be traversable.
DEBUG com.genie3.eventsLocation.App.main() org.hibernate.validator.internal.xml.ValidationXmlParser - Trying to load META-INF/validation.xml for XML based Validator configuration.
DEBUG com.genie3.eventsLocation.App.main() org.hibernate.validator.internal.xml.ValidationXmlParser - No META-INF/validation.xml found. Using annotation based configuration only.
DEBUG com.genie3.eventsLocation.App.main() org.jboss.logging - Logging Provider: org.jboss.logging.Log4jLoggerProvider
INFO com.genie3.eventsLocation.App.main() org.hibernate.validator.internal.util.Version - HV000001: Hibernate Validator 5.1.3.Final
DEBUG com.genie3.eventsLocation.App.main() org.hibernate.validator.internal.engine.resolver.DefaultTraversableResolver - Cannot find javax.persistence.Persistence on classpath. Assuming non JPA 2 environment. All properties will per default be traversable.
DEBUG com.genie3.eventsLocation.App.main() org.hibernate.validator.internal.xml.ValidationXmlParser - Trying to load META-INF/validation.xml for XML based Validator configuration.
DEBUG com.genie3.eventsLocation.App.main() org.hibernate.validator.internal.xml.ValidationXmlParser - No META-INF/validation.xml found. Using annotation based configuration only.
DEBUG com.genie3.eventsLocation.App.main() org.jboss.logging - Logging Provider: org.jboss.logging.Log4jLoggerProvider
INFO com.genie3.eventsLocation.App.main() org.hibernate.validator.internal.util.Version - HV000001: Hibernate Validator 5.1.3.Final
DEBUG com.genie3.eventsLocation.App.main() org.hibernate.validator.internal.engine.resolver.DefaultTraversableResolver - Cannot find javax.persistence.Persistence on classpath. Assuming non JPA 2 environment. All properties will per default be traversable.
DEBUG com.genie3.eventsLocation.App.main() org.hibernate.validator.internal.xml.ValidationXmlParser - Trying to load META-INF/validation.xml for XML based Validator configuration.
DEBUG com.genie3.eventsLocation.App.main() org.hibernate.validator.internal.xml.ValidationXmlParser - No META-INF/validation.xml found. Using annotation based configuration only.
DEBUG com.genie3.eventsLocation.App.main() org.jboss.logging - Logging Provider: org.jboss.logging.Log4jLoggerProvider
INFO com.genie3.eventsLocation.App.main() org.hibernate.validator.internal.util.Version - HV000001: Hibernate Validator 5.1.3.Final
DEBUG com.genie3.eventsLocation.App.main() org.hibernate.validator.internal.engine.resolver.DefaultTraversableResolver - Cannot find javax.persistence.Persistence on classpath. Assuming non JPA 2 environment. All properties will per default be traversable.
DEBUG com.genie3.eventsLocation.App.main() org.hibernate.validator.internal.xml.ValidationXmlParser - Trying to load META-INF/validation.xml for XML based Validator configuration.
DEBUG com.genie3.eventsLocation.App.main() org.hibernate.validator.internal.xml.ValidationXmlParser - No META-INF/validation.xml found. Using annotation based configuration only.
DEBUG com.genie3.eventsLocation.App.main() org.jboss.logging - Logging Provider: org.jboss.logging.Log4jLoggerProvider
INFO com.genie3.eventsLocation.App.main() org.hibernate.validator.internal.util.Version - HV000001: Hibernate Validator 5.1.3.Final
DEBUG com.genie3.eventsLocation.App.main() org.hibernate.validator.internal.engine.resolver.DefaultTraversableResolver - Cannot find javax.persistence.Persistence on classpath. Assuming non JPA 2 environment. All properties will per default be traversable.
DEBUG com.genie3.eventsLocation.App.main() org.hibernate.validator.internal.xml.ValidationXmlParser - Trying to load META-INF/validation.xml for XML based Validator configuration.
DEBUG com.genie3.eventsLocation.App.main() org.hibernate.validator.internal.xml.ValidationXmlParser - No META-INF/validation.xml found. Using annotation based configuration only.
DEBUG com.genie3.eventsLocation.App.main() org.jboss.logging - Logging Provider: org.jboss.logging.Log4jLoggerProvider
INFO com.genie3.eventsLocation.App.main() org.hibernate.validator.internal.util.Version - HV000001: Hibernate Validator 5.1.3.Final
DEBUG com.genie3.eventsLocation.App.main() org.hibernate.validator.internal.engine.resolver.DefaultTraversableResolver - Cannot find javax.persistence.Persistence on classpath. Assuming non JPA 2 environment. All properties will per default be traversable.
DEBUG com.genie3.eventsLocation.App.main() org.hibernate.validator.internal.xml.ValidationXmlParser - Trying to load META-INF/validation.xml for XML based Validator configuration.
DEBUG com.genie3.eventsLocation.App.main() org.hibernate.validator.internal.xml.ValidationXmlParser - No META-INF/validation.xml found. Using annotation based configuration only.
WARN qtp876606457-29 com.genie3.eventsLocation.filters.AuthentificationFilter - 0 - null
DEBUG com.genie3.eventsLocation.App.main() org.jboss.logging - Logging Provider: org.jboss.logging.Log4jLoggerProvider
INFO com.genie3.eventsLocation.App.main() org.hibernate.validator.internal.util.Version - HV000001: Hibernate Validator 5.1.3.Final
DEBUG com.genie3.eventsLocation.App.main() org.hibernate.validator.internal.engine.resolver.DefaultTraversableResolver - Cannot find javax.persistence.Persistence on classpath. Assuming non JPA 2 environment. All properties will per default be traversable.
DEBUG com.genie3.eventsLocation.App.main() org.hibernate.validator.internal.xml.ValidationXmlParser - Trying to load META-INF/validation.xml for XML based Validator configuration.
DEBUG com.genie3.eventsLocation.App.main() org.hibernate.validator.internal.xml.ValidationXmlParser - No META-INF/validation.xml found. Using annotation based configuration only.
WARN qtp1844736991-29 com.genie3.eventsLocation.filters.AuthentificationFilter - 0 - java.lang.NullPointerException
DEBUG com.genie3.eventsLocation.App.main() org.jboss.logging - Logging Provider: org.jboss.logging.Log4jLoggerProvider
INFO com.genie3.eventsLocation.App.main() org.hibernate.validator.internal.util.Version - HV000001: Hibernate Validator 5.1.3.Final
DEBUG com.genie3.eventsLocation.App.main() org.hibernate.validator.internal.engine.resolver.DefaultTraversableResolver - Cannot find javax.persistence.Persistence on classpath. Assuming non JPA 2 environment. All properties will per default be traversable.
DEBUG com.genie3.eventsLocation.App.main() org.hibernate.validator.internal.xml.ValidationXmlParser - Trying to load META-INF/validation.xml for XML based Validator configuration.
DEBUG com.genie3.eventsLocation.App.main() org.hibernate.validator.internal.xml.ValidationXmlParser - No META-INF/validation.xml found. Using annotation based configuration only.
WARN qtp1051479655-29 com.genie3.eventsLocation.filters.AuthentificationFilter - 0 - java.lang.NullPointerException
DEBUG com.genie3.eventsLocation.App.main() org.jboss.logging - Logging Provider: org.jboss.logging.Log4jLoggerProvider
INFO com.genie3.eventsLocation.App.main() org.hibernate.validator.internal.util.Version - HV000001: Hibernate Validator 5.1.3.Final
DEBUG com.genie3.eventsLocation.App.main() org.hibernate.validator.internal.engine.resolver.DefaultTraversableResolver - Cannot find javax.persistence.Persistence on classpath. Assuming non JPA 2 environment. All properties will per default be traversable.
DEBUG com.genie3.eventsLocation.App.main() org.hibernate.validator.internal.xml.ValidationXmlParser - Trying to load META-INF/validation.xml for XML based Validator configuration.
DEBUG com.genie3.eventsLocation.App.main() org.hibernate.validator.internal.xml.ValidationXmlParser - No META-INF/validation.xml found. Using annotation based configuration only.
WARN qtp567861339-29 com.genie3.eventsLocation.filters.AuthentificationFilter - 0 - java.lang.NullPointerException
DEBUG com.genie3.eventsLocation.App.main() org.jboss.logging - Logging Provider: org.jboss.logging.Log4jLoggerProvider
INFO com.genie3.eventsLocation.App.main() org.hibernate.validator.internal.util.Version - HV000001: Hibernate Validator 5.1.3.Final
DEBUG com.genie3.eventsLocation.App.main() org.hibernate.validator.internal.engine.resolver.DefaultTraversableResolver - Cannot find javax.persistence.Persistence on classpath. Assuming non JPA 2 environment. All properties will per default be traversable.
DEBUG com.genie3.eventsLocation.App.main() org.hibernate.validator.internal.xml.ValidationXmlParser - Trying to load META-INF/validation.xml for XML based Validator configuration.
DEBUG com.genie3.eventsLocation.App.main() org.hibernate.validator.internal.xml.ValidationXmlParser - No META-INF/validation.xml found. Using annotation based configuration only.
WARN qtp285976345-28 com.genie3.eventsLocation.filters.AuthentificationFilter - 0 - null
DEBUG com.genie3.eventsLocation.App.main() org.jboss.logging - Logging Provider: org.jboss.logging.Log4jLoggerProvider
INFO com.genie3.eventsLocation.App.main() org.hibernate.validator.internal.util.Version - HV000001: Hibernate Validator 5.1.3.Final
DEBUG com.genie3.eventsLocation.App.main() org.hibernate.validator.internal.engine.resolver.DefaultTraversableResolver - Cannot find javax.persistence.Persistence on classpath. Assuming non JPA 2 environment. All properties will per default be traversable.
DEBUG com.genie3.eventsLocation.App.main() org.hibernate.validator.internal.xml.ValidationXmlParser - Trying to load META-INF/validation.xml for XML based Validator configuration.
DEBUG com.genie3.eventsLocation.App.main() org.hibernate.validator.internal.xml.ValidationXmlParser - No META-INF/validation.xml found. Using annotation based configuration only.
WARN qtp798253747-30 com.genie3.eventsLocation.filters.AuthentificationFilter - 0 - null
DEBUG com.genie3.eventsLocation.App.main() org.jboss.logging - Logging Provider: org.jboss.logging.Log4jLoggerProvider
INFO com.genie3.eventsLocation.App.main() org.hibernate.validator.internal.util.Version - HV000001: Hibernate Validator 5.1.3.Final
DEBUG com.genie3.eventsLocation.App.main() org.hibernate.validator.internal.engine.resolver.DefaultTraversableResolver - Cannot find javax.persistence.Persistence on classpath. Assuming non JPA 2 environment. All properties will per default be traversable.
DEBUG com.genie3.eventsLocation.App.main() org.hibernate.validator.internal.xml.ValidationXmlParser - Trying to load META-INF/validation.xml for XML based Validator configuration.
DEBUG com.genie3.eventsLocation.App.main() org.hibernate.validator.internal.xml.ValidationXmlParser - No META-INF/validation.xml found. Using annotation based configuration only.
WARN qtp1468218810-29 com.genie3.eventsLocation.filters.AuthentificationFilter - 0 - null
DEBUG com.genie3.eventsLocation.App.main() org.jboss.logging - Logging Provider: org.jboss.logging.Log4jLoggerProvider
INFO com.genie3.eventsLocation.App.main() org.hibernate.validator.internal.util.Version - HV000001: Hibernate Validator 5.1.3.Final
DEBUG com.genie3.eventsLocation.App.main() org.hibernate.validator.internal.engine.resolver.DefaultTraversableResolver - Cannot find javax.persistence.Persistence on classpath. Assuming non JPA 2 environment. All properties will per default be traversable.
DEBUG com.genie3.eventsLocation.App.main() org.hibernate.validator.internal.xml.ValidationXmlParser - Trying to load META-INF/validation.xml for XML based Validator configuration.
DEBUG com.genie3.eventsLocation.App.main() org.hibernate.validator.internal.xml.ValidationXmlParser - No META-INF/validation.xml found. Using annotation based configuration only.
WARN qtp1421641955-28 com.genie3.eventsLocation.filters.AuthentificationFilter - 0 - null
DEBUG com.genie3.eventsLocation.App.main() org.jboss.logging - Logging Provider: org.jboss.logging.Log4jLoggerProvider
INFO com.genie3.eventsLocation.App.main() org.hibernate.validator.internal.util.Version - HV000001: Hibernate Validator 5.1.3.Final
DEBUG com.genie3.eventsLocation.App.main() org.hibernate.validator.internal.engine.resolver.DefaultTraversableResolver - Cannot find javax.persistence.Persistence on classpath. Assuming non JPA 2 environment. All properties will per default be traversable.
DEBUG com.genie3.eventsLocation.App.main() org.hibernate.validator.internal.xml.ValidationXmlParser - Trying to load META-INF/validation.xml for XML based Validator configuration.
DEBUG com.genie3.eventsLocation.App.main() org.hibernate.validator.internal.xml.ValidationXmlParser - No META-INF/validation.xml found. Using annotation based configuration only.
WARN qtp1088364656-28 com.genie3.eventsLocation.filters.AuthentificationFilter - 1 - /home/yannis/Bureau/Master1/S2/GL/gl-2018-map-and-events/key/events_map
DEBUG com.genie3.eventsLocation.App.main() org.jboss.logging - Logging Provider: org.jboss.logging.Log4jLoggerProvider
INFO com.genie3.eventsLocation.App.main() org.hibernate.validator.internal.util.Version - HV000001: Hibernate Validator 5.1.3.Final
DEBUG com.genie3.eventsLocation.App.main() org.hibernate.validator.internal.engine.resolver.DefaultTraversableResolver - Cannot find javax.persistence.Persistence on classpath. Assuming non JPA 2 environment. All properties will per default be traversable.
DEBUG com.genie3.eventsLocation.App.main() org.hibernate.validator.internal.xml.ValidationXmlParser - Trying to load META-INF/validation.xml for XML based Validator configuration.
DEBUG com.genie3.eventsLocation.App.main() org.hibernate.validator.internal.xml.ValidationXmlParser - No META-INF/validation.xml found. Using annotation based configuration only.
WARN qtp567861339-28 com.genie3.eventsLocation.filters.AuthentificationFilter - 1 - /key/events_map.pub
DEBUG com.genie3.eventsLocation.App.main() org.jboss.logging - Logging Provider: org.jboss.logging.Log4jLoggerProvider
INFO com.genie3.eventsLocation.App.main() org.hibernate.validator.internal.util.Version - HV000001: Hibernate Validator 5.1.3.Final
DEBUG com.genie3.eventsLocation.App.main() org.hibernate.validator.internal.engine.resolver.DefaultTraversableResolver - Cannot find javax.persistence.Persistence on classpath. Assuming non JPA 2 environment. All properties will per default be traversable.
DEBUG com.genie3.eventsLocation.App.main() org.hibernate.validator.internal.xml.ValidationXmlParser - Trying to load META-INF/validation.xml for XML based Validator configuration.
DEBUG com.genie3.eventsLocation.App.main() org.hibernate.validator.internal.xml.ValidationXmlParser - No META-INF/validation.xml found. Using annotation based configuration only.
WARN qtp2144238104-30 com.genie3.eventsLocation.filters.AuthentificationFilter - 1 - java.security.InvalidKeyException: IOException : algid parse error, not a sequence
DEBUG com.genie3.eventsLocation.App.main() org.jboss.logging - Logging Provider: org.jboss.logging.Log4jLoggerProvider
INFO com.genie3.eventsLocation.App.main() org.hibernate.validator.internal.util.Version - HV000001: Hibernate Validator 5.1.3.Final
DEBUG com.genie3.eventsLocation.App.main() org.hibernate.validator.internal.engine.resolver.DefaultTraversableResolver - Cannot find javax.persistence.Persistence on classpath. Assuming non JPA 2 environment. All properties will per default be traversable.
DEBUG com.genie3.eventsLocation.App.main() org.hibernate.validator.internal.xml.ValidationXmlParser - Trying to load META-INF/validation.xml for XML based Validator configuration.
DEBUG com.genie3.eventsLocation.App.main() org.hibernate.validator.internal.xml.ValidationXmlParser - No META-INF/validation.xml found. Using annotation based configuration only.
WARN qtp1088364656-28 com.genie3.eventsLocation.filters.AuthentificationFilter - 1 - java.security.InvalidKeyException: IOException : algid parse error, not a sequence
DEBUG com.genie3.eventsLocation.App.main() org.jboss.logging - Logging Provider: org.jboss.logging.Log4jLoggerProvider
INFO com.genie3.eventsLocation.App.main() org.hibernate.validator.internal.util.Version - HV000001: Hibernate Validator 5.1.3.Final
DEBUG com.genie3.eventsLocation.App.main() org.hibernate.validator.internal.engine.resolver.DefaultTraversableResolver - Cannot find javax.persistence.Persistence on classpath. Assuming non JPA 2 environment. All properties will per default be traversable.
DEBUG com.genie3.eventsLocation.App.main() org.hibernate.validator.internal.xml.ValidationXmlParser - Trying to load META-INF/validation.xml for XML based Validator configuration.
DEBUG com.genie3.eventsLocation.App.main() org.hibernate.validator.internal.xml.ValidationXmlParser - No META-INF/validation.xml found. Using annotation based configuration only.
WARN qtp2104427769-28 com.genie3.eventsLocation.filters.AuthentificationFilter - 0 - null
DEBUG com.genie3.eventsLocation.App.main() org.jboss.logging - Logging Provider: org.jboss.logging.Log4jLoggerProvider
INFO com.genie3.eventsLocation.App.main() org.hibernate.validator.internal.util.Version - HV000001: Hibernate Validator 5.1.3.Final
DEBUG com.genie3.eventsLocation.App.main() org.hibernate.validator.internal.engine.resolver.DefaultTraversableResolver - Cannot find javax.persistence.Persistence on classpath. Assuming non JPA 2 environment. All properties will per default be traversable.
DEBUG com.genie3.eventsLocation.App.main() org.hibernate.validator.internal.xml.ValidationXmlParser - Trying to load META-INF/validation.xml for XML based Validator configuration.
DEBUG com.genie3.eventsLocation.App.main() org.hibernate.validator.internal.xml.ValidationXmlParser - No META-INF/validation.xml found. Using annotation based configuration only.
WARN qtp1312450874-28 com.genie3.eventsLocation.filters.AuthentificationFilter - 0 - null
DEBUG com.genie3.eventsLocation.App.main() org.jboss.logging - Logging Provider: org.jboss.logging.Log4jLoggerProvider
INFO com.genie3.eventsLocation.App.main() org.hibernate.validator.internal.util.Version - HV000001: Hibernate Validator 5.1.3.Final
DEBUG com.genie3.eventsLocation.App.main() org.hibernate.validator.internal.engine.resolver.DefaultTraversableResolver - Cannot find javax.persistence.Persistence on classpath. Assuming non JPA 2 environment. All properties will per default be traversable.
DEBUG com.genie3.eventsLocation.App.main() org.hibernate.validator.internal.xml.ValidationXmlParser - Trying to load META-INF/validation.xml for XML based Validator configuration.
DEBUG com.genie3.eventsLocation.App.main() org.hibernate.validator.internal.xml.ValidationXmlParser - No META-INF/validation.xml found. Using annotation based configuration only.
WARN qtp580465384-29 com.genie3.eventsLocation.filters.AuthentificationFilter - 1 - Only RSAPublicKeySpec and X509EncodedKeySpec supported for RSA public keys
DEBUG com.genie3.eventsLocation.App.main() org.jboss.logging - Logging Provider: org.jboss.logging.Log4jLoggerProvider
INFO com.genie3.eventsLocation.App.main() org.hibernate.validator.internal.util.Version - HV000001: Hibernate Validator 5.1.3.Final
DEBUG com.genie3.eventsLocation.App.main() org.hibernate.validator.internal.engine.resolver.DefaultTraversableResolver - Cannot find javax.persistence.Persistence on classpath. Assuming non JPA 2 environment. All properties will per default be traversable.
DEBUG com.genie3.eventsLocation.App.main() org.hibernate.validator.internal.xml.ValidationXmlParser - Trying to load META-INF/validation.xml for XML based Validator configuration.
DEBUG com.genie3.eventsLocation.App.main() org.hibernate.validator.internal.xml.ValidationXmlParser - No META-INF/validation.xml found. Using annotation based configuration only.
WARN qtp1472787740-32 com.genie3.eventsLocation.filters.AuthentificationFilter - Token expired!
DEBUG com.genie3.eventsLocation.App.main() org.jboss.logging - Logging Provider: org.jboss.logging.Log4jLoggerProvider
INFO com.genie3.eventsLocation.App.main() org.hibernate.validator.internal.util.Version - HV000001: Hibernate Validator 5.1.3.Final
DEBUG com.genie3.eventsLocation.App.main() org.hibernate.validator.internal.engine.resolver.DefaultTraversableResolver - Cannot find javax.persistence.Persistence on classpath. Assuming non JPA 2 environment. All properties will per default be traversable.
DEBUG com.genie3.eventsLocation.App.main() org.hibernate.validator.internal.xml.ValidationXmlParser - Trying to load META-INF/validation.xml for XML based Validator configuration.
DEBUG com.genie3.eventsLocation.App.main() org.hibernate.validator.internal.xml.ValidationXmlParser - No META-INF/validation.xml found. Using annotation based configuration only.
DEBUG com.genie3.eventsLocation.App.main() org.jboss.logging - Logging Provider: org.jboss.logging.Log4jLoggerProvider
INFO com.genie3.eventsLocation.App.main() org.hibernate.validator.internal.util.Version - HV000001: Hibernate Validator 5.1.3.Final
DEBUG com.genie3.eventsLocation.App.main() org.hibernate.validator.internal.engine.resolver.DefaultTraversableResolver - Cannot find javax.persistence.Persistence on classpath. Assuming non JPA 2 environment. All properties will per default be traversable.
DEBUG com.genie3.eventsLocation.App.main() org.hibernate.validator.internal.xml.ValidationXmlParser - Trying to load META-INF/validation.xml for XML based Validator configuration.
DEBUG com.genie3.eventsLocation.App.main() org.hibernate.validator.internal.xml.ValidationXmlParser - No META-INF/validation.xml found. Using annotation based configuration only.
WARN qtp614304978-31 com.genie3.eventsLocation.filters.AuthentificationFilter - Invalid token provided!
WARN qtp614304978-33 com.genie3.eventsLocation.filters.AuthentificationFilter - Invalid token provided!
DEBUG com.genie3.eventsLocation.App.main() org.jboss.logging - Logging Provider: org.jboss.logging.Log4jLoggerProvider
INFO com.genie3.eventsLocation.App.main() org.hibernate.validator.internal.util.Version - HV000001: Hibernate Validator 5.1.3.Final
DEBUG com.genie3.eventsLocation.App.main() org.hibernate.validator.internal.engine.resolver.DefaultTraversableResolver - Cannot find javax.persistence.Persistence on classpath. Assuming non JPA 2 environment. All properties will per default be traversable.
DEBUG com.genie3.eventsLocation.App.main() org.hibernate.validator.internal.xml.ValidationXmlParser - Trying to load META-INF/validation.xml for XML based Validator configuration.
DEBUG com.genie3.eventsLocation.App.main() org.hibernate.validator.internal.xml.ValidationXmlParser - No META-INF/validation.xml found. Using annotation based configuration only.
WARN qtp802866901-33 com.genie3.eventsLocation.filters.AuthentificationFilter - No token provided!
WARN qtp802866901-35 com.genie3.eventsLocation.filters.AuthentificationFilter - Invalid token provided!
WARN qtp802866901-29 com.genie3.eventsLocation.filters.AuthentificationFilter - Invalid token provided!
WARN qtp802866901-28 com.genie3.eventsLocation.filters.AuthentificationFilter - Invalid token provided!
DEBUG com.genie3.eventsLocation.App.main() org.jboss.logging - Logging Provider: org.jboss.logging.Log4jLoggerProvider
INFO com.genie3.eventsLocation.App.main() org.hibernate.validator.internal.util.Version - HV000001: Hibernate Validator 5.1.3.Final
DEBUG com.genie3.eventsLocation.App.main() org.hibernate.validator.internal.engine.resolver.DefaultTraversableResolver - Cannot find javax.persistence.Persistence on classpath. Assuming non JPA 2 environment. All properties will per default be traversable.
DEBUG com.genie3.eventsLocation.App.main() org.hibernate.validator.internal.xml.ValidationXmlParser - Trying to load META-INF/validation.xml for XML based Validator configuration.
DEBUG com.genie3.eventsLocation.App.main() org.hibernate.validator.internal.xml.ValidationXmlParser - No META-INF/validation.xml found. Using annotation based configuration only.
WARN qtp1696779774-29 com.genie3.eventsLocation.filters.AuthentificationFilter - Invalid token provided!
WARN qtp1696779774-28 com.genie3.eventsLocation.filters.AuthentificationFilter - Token expired!
DEBUG com.genie3.eventsLocation.App.main() org.jboss.logging - Logging Provider: org.jboss.logging.Log4jLoggerProvider
INFO com.genie3.eventsLocation.App.main() org.hibernate.validator.internal.util.Version - HV000001: Hibernate Validator 5.1.3.Final
DEBUG com.genie3.eventsLocation.App.main() org.hibernate.validator.internal.engine.resolver.DefaultTraversableResolver - Cannot find javax.persistence.Persistence on classpath. Assuming non JPA 2 environment. All properties will per default be traversable.
DEBUG com.genie3.eventsLocation.App.main() org.hibernate.validator.internal.xml.ValidationXmlParser - Trying to load META-INF/validation.xml for XML based Validator configuration.
DEBUG com.genie3.eventsLocation.App.main() org.hibernate.validator.internal.xml.ValidationXmlParser - No META-INF/validation.xml found. Using annotation based configuration only.
DEBUG com.genie3.eventsLocation.App.main() org.jboss.logging - Logging Provider: org.jboss.logging.Log4jLoggerProvider
INFO com.genie3.eventsLocation.App.main() org.hibernate.validator.internal.util.Version - HV000001: Hibernate Validator 5.1.3.Final
DEBUG com.genie3.eventsLocation.App.main() org.hibernate.validator.internal.engine.resolver.DefaultTraversableResolver - Cannot find javax.persistence.Persistence on classpath. Assuming non JPA 2 environment. All properties will per default be traversable.
DEBUG com.genie3.eventsLocation.App.main() org.hibernate.validator.internal.xml.ValidationXmlParser - Trying to load META-INF/validation.xml for XML based Validator configuration.
DEBUG com.genie3.eventsLocation.App.main() org.hibernate.validator.internal.xml.ValidationXmlParser - No META-INF/validation.xml found. Using annotation based configuration only.
DEBUG com.genie3.eventsLocation.App.main() org.jboss.logging - Logging Provider: org.jboss.logging.Log4jLoggerProvider
INFO com.genie3.eventsLocation.App.main() org.hibernate.validator.internal.util.Version - HV000001: Hibernate Validator 5.1.3.Final
DEBUG com.genie3.eventsLocation.App.main() org.hibernate.validator.internal.engine.resolver.DefaultTraversableResolver - Cannot find javax.persistence.Persistence on classpath. Assuming non JPA 2 environment. All properties will per default be traversable.
DEBUG com.genie3.eventsLocation.App.main() org.hibernate.validator.internal.xml.ValidationXmlParser - Trying to load META-INF/validation.xml for XML based Validator configuration.
DEBUG com.genie3.eventsLocation.App.main() org.hibernate.validator.internal.xml.ValidationXmlParser - No META-INF/validation.xml found. Using annotation based configuration only.
WARN qtp1477355154-32 com.genie3.eventsLocation.filters.AuthentificationFilter - No token provided!
DEBUG com.genie3.eventsLocation.App.main() org.jboss.logging - Logging Provider: org.jboss.logging.Log4jLoggerProvider
INFO com.genie3.eventsLocation.App.main() org.hibernate.validator.internal.util.Version - HV000001: Hibernate Validator 5.1.3.Final
DEBUG com.genie3.eventsLocation.App.main() org.hibernate.validator.internal.engine.resolver.DefaultTraversableResolver - Cannot find javax.persistence.Persistence on classpath. Assuming non JPA 2 environment. All properties will per default be traversable.
DEBUG com.genie3.eventsLocation.App.main() org.hibernate.validator.internal.xml.ValidationXmlParser - Trying to load META-INF/validation.xml for XML based Validator configuration.
DEBUG com.genie3.eventsLocation.App.main() org.hibernate.validator.internal.xml.ValidationXmlParser - No META-INF/validation.xml found. Using annotation based configuration only.
WARN qtp580465384-29 com.genie3.eventsLocation.filters.AuthentificationFilter - No token provided!
DEBUG com.genie3.eventsLocation.App.main() org.jboss.logging - Logging Provider: org.jboss.logging.Log4jLoggerProvider
INFO com.genie3.eventsLocation.App.main() org.hibernate.validator.internal.util.Version - HV000001: Hibernate Validator 5.1.3.Final
DEBUG com.genie3.eventsLocation.App.main() org.hibernate.validator.internal.engine.resolver.DefaultTraversableResolver - Cannot find javax.persistence.Persistence on classpath. Assuming non JPA 2 environment. All properties will per default be traversable.
DEBUG com.genie3.eventsLocation.App.main() org.hibernate.validator.internal.xml.ValidationXmlParser - Trying to load META-INF/validation.xml for XML based Validator configuration.
DEBUG com.genie3.eventsLocation.App.main() org.hibernate.validator.internal.xml.ValidationXmlParser - No META-INF/validation.xml found. Using annotation based configuration only.
DEBUG com.genie3.eventsLocation.App.main() org.jboss.logging - Logging Provider: org.jboss.logging.Log4jLoggerProvider
INFO com.genie3.eventsLocation.App.main() org.hibernate.validator.internal.util.Version - HV000001: Hibernate Validator 5.1.3.Final
DEBUG com.genie3.eventsLocation.App.main() org.hibernate.validator.internal.engine.resolver.DefaultTraversableResolver - Cannot find javax.persistence.Persistence on classpath. Assuming non JPA 2 environment. All properties will per default be traversable.
DEBUG com.genie3.eventsLocation.App.main() org.hibernate.validator.internal.xml.ValidationXmlParser - Trying to load META-INF/validation.xml for XML based Validator configuration.
DEBUG com.genie3.eventsLocation.App.main() org.hibernate.validator.internal.xml.ValidationXmlParser - No META-INF/validation.xml found. Using annotation based configuration only.
WARN qtp365866174-29 com.genie3.eventsLocation.filters.AuthentificationFilter - Invalid token provided!
WARN qtp365866174-33 com.genie3.eventsLocation.filters.AuthentificationFilter - Invalid token provided!
DEBUG com.genie3.eventsLocation.App.main() org.jboss.logging - Logging Provider: org.jboss.logging.Log4jLoggerProvider
INFO com.genie3.eventsLocation.App.main() org.hibernate.validator.internal.util.Version - HV000001: Hibernate Validator 5.1.3.Final
DEBUG com.genie3.eventsLocation.App.main() org.hibernate.validator.internal.engine.resolver.DefaultTraversableResolver - Cannot find javax.persistence.Persistence on classpath. Assuming non JPA 2 environment. All properties will per default be traversable.
DEBUG com.genie3.eventsLocation.App.main() org.hibernate.validator.internal.xml.ValidationXmlParser - Trying to load META-INF/validation.xml for XML based Validator configuration.
DEBUG com.genie3.eventsLocation.App.main() org.hibernate.validator.internal.xml.ValidationXmlParser - No META-INF/validation.xml found. Using annotation based configuration only.
DEBUG com.genie3.eventsLocation.App.main() org.jboss.logging - Logging Provider: org.jboss.logging.Log4jLoggerProvider
INFO com.genie3.eventsLocation.App.main() org.hibernate.validator.internal.util.Version - HV000001: Hibernate Validator 5.1.3.Final
DEBUG com.genie3.eventsLocation.App.main() org.hibernate.validator.internal.engine.resolver.DefaultTraversableResolver - Cannot find javax.persistence.Persistence on classpath. Assuming non JPA 2 environment. All properties will per default be traversable.
DEBUG com.genie3.eventsLocation.App.main() org.hibernate.validator.internal.xml.ValidationXmlParser - Trying to load META-INF/validation.xml for XML based Validator configuration.
DEBUG com.genie3.eventsLocation.App.main() org.hibernate.validator.internal.xml.ValidationXmlParser - No META-INF/validation.xml found. Using annotation based configuration only.
DEBUG com.genie3.eventsLocation.App.main() org.jboss.logging - Logging Provider: org.jboss.logging.Log4jLoggerProvider
INFO com.genie3.eventsLocation.App.main() org.hibernate.validator.internal.util.Version - HV000001: Hibernate Validator 5.1.3.Final
DEBUG com.genie3.eventsLocation.App.main() org.hibernate.validator.internal.engine.resolver.DefaultTraversableResolver - Cannot find javax.persistence.Persistence on classpath. Assuming non JPA 2 environment. All properties will per default be traversable.
DEBUG com.genie3.eventsLocation.App.main() org.hibernate.validator.internal.xml.ValidationXmlParser - Trying to load META-INF/validation.xml for XML based Validator configuration.
DEBUG com.genie3.eventsLocation.App.main() org.hibernate.validator.internal.xml.ValidationXmlParser - No META-INF/validation.xml found. Using annotation based configuration only.
DEBUG com.genie3.eventsLocation.App.main() org.jboss.logging - Logging Provider: org.jboss.logging.Log4jLoggerProvider
INFO com.genie3.eventsLocation.App.main() org.hibernate.validator.internal.util.Version - HV000001: Hibernate Validator 5.1.3.Final
DEBUG com.genie3.eventsLocation.App.main() org.hibernate.validator.internal.engine.resolver.DefaultTraversableResolver - Cannot find javax.persistence.Persistence on classpath. Assuming non JPA 2 environment. All properties will per default be traversable.
DEBUG com.genie3.eventsLocation.App.main() org.hibernate.validator.internal.xml.ValidationXmlParser - Trying to load META-INF/validation.xml for XML based Validator configuration.
DEBUG com.genie3.eventsLocation.App.main() org.hibernate.validator.internal.xml.ValidationXmlParser - No META-INF/validation.xml found. Using annotation based configuration only.
DEBUG com.genie3.eventsLocation.App.main() org.jboss.logging - Logging Provider: org.jboss.logging.Log4jLoggerProvider
INFO com.genie3.eventsLocation.App.main() org.hibernate.validator.internal.util.Version - HV000001: Hibernate Validator 5.1.3.Final
DEBUG com.genie3.eventsLocation.App.main() org.hibernate.validator.internal.engine.resolver.DefaultTraversableResolver - Cannot find javax.persistence.Persistence on classpath. Assuming non JPA 2 environment. All properties will per default be traversable.
DEBUG com.genie3.eventsLocation.App.main() org.hibernate.validator.internal.xml.ValidationXmlParser - Trying to load META-INF/validation.xml for XML based Validator configuration.
DEBUG com.genie3.eventsLocation.App.main() org.hibernate.validator.internal.xml.ValidationXmlParser - No META-INF/validation.xml found. Using annotation based configuration only.
DEBUG com.genie3.eventsLocation.App.main() org.jboss.logging - Logging Provider: org.jboss.logging.Log4jLoggerProvider
INFO com.genie3.eventsLocation.App.main() org.hibernate.validator.internal.util.Version - HV000001: Hibernate Validator 5.1.3.Final
DEBUG com.genie3.eventsLocation.App.main() org.hibernate.validator.internal.engine.resolver.DefaultTraversableResolver - Cannot find javax.persistence.Persistence on classpath. Assuming non JPA 2 environment. All properties will per default be traversable.
DEBUG com.genie3.eventsLocation.App.main() org.hibernate.validator.internal.xml.ValidationXmlParser - Trying to load META-INF/validation.xml for XML based Validator configuration.
DEBUG com.genie3.eventsLocation.App.main() org.hibernate.validator.internal.xml.ValidationXmlParser - No META-INF/validation.xml found. Using annotation based configuration only.
DEBUG com.genie3.eventsLocation.App.main() org.jboss.logging - Logging Provider: org.jboss.logging.Log4jLoggerProvider
INFO com.genie3.eventsLocation.App.main() org.hibernate.validator.internal.util.Version - HV000001: Hibernate Validator 5.1.3.Final
DEBUG com.genie3.eventsLocation.App.main() org.hibernate.validator.internal.engine.resolver.DefaultTraversableResolver - Cannot find javax.persistence.Persistence on classpath. Assuming non JPA 2 environment. All properties will per default be traversable.
DEBUG com.genie3.eventsLocation.App.main() org.hibernate.validator.internal.xml.ValidationXmlParser - Trying to load META-INF/validation.xml for XML based Validator configuration.
DEBUG com.genie3.eventsLocation.App.main() org.hibernate.validator.internal.xml.ValidationXmlParser - No META-INF/validation.xml found. Using annotation based configuration only.
DEBUG qtp571231062-28 org.hibernate.validator.internal.metadata.descriptor.ConstraintDescriptorImpl - Adding composing constraint: ConstraintDescriptorImpl{annotation=javax.validation.constraints.Pattern, payloads=[], hasComposingConstraints=true, isReportAsSingleInvalidConstraint=false, elementType=FIELD, definedOn=DEFINED_LOCALLY, groups=[interface javax.validation.groups.Default], attributes={flags=[Ljavax.validation.constraints.Pattern$Flag;@2e2c5d50, regexp=.*, groups=[Ljava.lang.Class;@24f5f7f1, message={javax.validation.constraints.Pattern.message}, payload=[Ljava.lang.Class;@1f86ae0}, constraintType=GENERIC}.
DEBUG qtp571231062-28 org.hibernate.validator.internal.metadata.descriptor.ConstraintDescriptorImpl - Adding composing constraint: ConstraintDescriptorImpl{annotation=javax.validation.constraints.NotNull, payloads=[], hasComposingConstraints=true, isReportAsSingleInvalidConstraint=false, elementType=FIELD, definedOn=DEFINED_LOCALLY, groups=[interface javax.validation.groups.Default], attributes={message={javax.validation.constraints.NotNull.message}, payload=[Ljava.lang.Class;@4c6bee8d, groups=[Ljava.lang.Class;@e86328a}, constraintType=GENERIC}.
DEBUG qtp571231062-28 org.hibernate.validator.internal.metadata.descriptor.ConstraintDescriptorImpl - Adding composing constraint: ConstraintDescriptorImpl{annotation=javax.validation.constraints.NotNull, payloads=[], hasComposingConstraints=true, isReportAsSingleInvalidConstraint=false, elementType=FIELD, definedOn=DEFINED_LOCALLY, groups=[interface javax.validation.groups.Default], attributes={message={javax.validation.constraints.NotNull.message}, payload=[Ljava.lang.Class;@3e37a74, groups=[Ljava.lang.Class;@12c73c9d}, constraintType=GENERIC}.
DEBUG qtp571231062-29 org.hibernate.validator.resourceloading.PlatformResourceBundleLocator - ValidationMessages not found.
DEBUG qtp571231062-29 org.hibernate.validator.resourceloading.PlatformResourceBundleLocator - org.hibernate.validator.ValidationMessages found.
DEBUG com.genie3.eventsLocation.App.main() org.jboss.logging - Logging Provider: org.jboss.logging.Log4jLoggerProvider
INFO com.genie3.eventsLocation.App.main() org.hibernate.validator.internal.util.Version - HV000001: Hibernate Validator 5.1.3.Final
DEBUG com.genie3.eventsLocation.App.main() org.hibernate.validator.internal.engine.resolver.DefaultTraversableResolver - Cannot find javax.persistence.Persistence on classpath. Assuming non JPA 2 environment. All properties will per default be traversable.
DEBUG com.genie3.eventsLocation.App.main() org.hibernate.validator.internal.xml.ValidationXmlParser - Trying to load META-INF/validation.xml for XML based Validator configuration.
DEBUG com.genie3.eventsLocation.App.main() org.hibernate.validator.internal.xml.ValidationXmlParser - No META-INF/validation.xml found. Using annotation based configuration only.
WARN qtp131867893-29 com.genie3.eventsLocation.filters.AuthentificationFilter - No token provided!
WARN qtp131867893-31 com.genie3.eventsLocation.filters.AuthentificationFilter - No token provided!
WARN qtp131867893-33 com.genie3.eventsLocation.filters.AuthentificationFilter - No token provided!
WARN qtp131867893-35 com.genie3.eventsLocation.filters.AuthentificationFilter - No token provided!
WARN qtp131867893-31 com.genie3.eventsLocation.filters.AuthentificationFilter - Invalid token provided!
DEBUG com.genie3.eventsLocation.App.main() org.jboss.logging - Logging Provider: org.jboss.logging.Log4jLoggerProvider
INFO com.genie3.eventsLocation.App.main() org.hibernate.validator.internal.util.Version - HV000001: Hibernate Validator 5.1.3.Final
DEBUG com.genie3.eventsLocation.App.main() org.hibernate.validator.internal.engine.resolver.DefaultTraversableResolver - Cannot find javax.persistence.Persistence on classpath. Assuming non JPA 2 environment. All properties will per default be traversable.
DEBUG com.genie3.eventsLocation.App.main() org.hibernate.validator.internal.xml.ValidationXmlParser - Trying to load META-INF/validation.xml for XML based Validator configuration.
DEBUG com.genie3.eventsLocation.App.main() org.hibernate.validator.internal.xml.ValidationXmlParser - No META-INF/validation.xml found. Using annotation based configuration only.
DEBUG com.genie3.eventsLocation.App.main() org.jboss.logging - Logging Provider: org.jboss.logging.Log4jLoggerProvider
INFO com.genie3.eventsLocation.App.main() org.hibernate.validator.internal.util.Version - HV000001: Hibernate Validator 5.1.3.Final
DEBUG com.genie3.eventsLocation.App.main() org.hibernate.validator.internal.engine.resolver.DefaultTraversableResolver - Cannot find javax.persistence.Persistence on classpath. Assuming non JPA 2 environment. All properties will per default be traversable.
DEBUG com.genie3.eventsLocation.App.main() org.hibernate.validator.internal.xml.ValidationXmlParser - Trying to load META-INF/validation.xml for XML based Validator configuration.
DEBUG com.genie3.eventsLocation.App.main() org.hibernate.validator.internal.xml.ValidationXmlParser - No META-INF/validation.xml found. Using annotation based configuration only.
DEBUG com.genie3.eventsLocation.App.main() org.jboss.logging - Logging Provider: org.jboss.logging.Log4jLoggerProvider
INFO com.genie3.eventsLocation.App.main() org.hibernate.validator.internal.util.Version - HV000001: Hibernate Validator 5.1.3.Final
DEBUG com.genie3.eventsLocation.App.main() org.hibernate.validator.internal.engine.resolver.DefaultTraversableResolver - Cannot find javax.persistence.Persistence on classpath. Assuming non JPA 2 environment. All properties will per default be traversable.
DEBUG com.genie3.eventsLocation.App.main() org.hibernate.validator.internal.xml.ValidationXmlParser - Trying to load META-INF/validation.xml for XML based Validator configuration.
DEBUG com.genie3.eventsLocation.App.main() org.hibernate.validator.internal.xml.ValidationXmlParser - No META-INF/validation.xml found. Using annotation based configuration only.
DEBUG qtp250238841-30 org.hibernate.validator.internal.metadata.descriptor.ConstraintDescriptorImpl - Adding composing constraint: ConstraintDescriptorImpl{annotation=javax.validation.constraints.Pattern, payloads=[], hasComposingConstraints=true, isReportAsSingleInvalidConstraint=false, elementType=FIELD, definedOn=DEFINED_LOCALLY, groups=[interface javax.validation.groups.Default], attributes={flags=[Ljavax.validation.constraints.Pattern$Flag;@36caa23d, regexp=.*, groups=[Ljava.lang.Class;@313b17ba, message={javax.validation.constraints.Pattern.message}, payload=[Ljava.lang.Class;@65611933}, constraintType=GENERIC}.
DEBUG qtp250238841-30 org.hibernate.validator.internal.metadata.descriptor.ConstraintDescriptorImpl - Adding composing constraint: ConstraintDescriptorImpl{annotation=javax.validation.constraints.NotNull, payloads=[], hasComposingConstraints=true, isReportAsSingleInvalidConstraint=false, elementType=FIELD, definedOn=DEFINED_LOCALLY, groups=[interface javax.validation.groups.Default], attributes={message={javax.validation.constraints.NotNull.message}, payload=[Ljava.lang.Class;@627c0391, groups=[Ljava.lang.Class;@fb9366c}, constraintType=GENERIC}.
DEBUG qtp250238841-30 org.hibernate.validator.internal.metadata.descriptor.ConstraintDescriptorImpl - Adding composing constraint: ConstraintDescriptorImpl{annotation=javax.validation.constraints.NotNull, payloads=[], hasComposingConstraints=true, isReportAsSingleInvalidConstraint=false, elementType=FIELD, definedOn=DEFINED_LOCALLY, groups=[interface javax.validation.groups.Default], attributes={message={javax.validation.constraints.NotNull.message}, payload=[Ljava.lang.Class;@395b5c48, groups=[Ljava.lang.Class;@28c567de}, constraintType=GENERIC}.
DEBUG qtp250238841-30 org.hibernate.validator.resourceloading.PlatformResourceBundleLocator - ValidationMessages not found.
DEBUG qtp250238841-30 org.hibernate.validator.resourceloading.PlatformResourceBundleLocator - org.hibernate.validator.ValidationMessages found.
DEBUG com.genie3.eventsLocation.App.main() org.jboss.logging - Logging Provider: org.jboss.logging.Log4jLoggerProvider
INFO com.genie3.eventsLocation.App.main() org.hibernate.validator.internal.util.Version - HV000001: Hibernate Validator 5.1.3.Final
DEBUG com.genie3.eventsLocation.App.main() org.hibernate.validator.internal.engine.resolver.DefaultTraversableResolver - Cannot find javax.persistence.Persistence on classpath. Assuming non JPA 2 environment. All properties will per default be traversable.
DEBUG com.genie3.eventsLocation.App.main() org.hibernate.validator.internal.xml.ValidationXmlParser - Trying to load META-INF/validation.xml for XML based Validator configuration.
DEBUG com.genie3.eventsLocation.App.main() org.hibernate.validator.internal.xml.ValidationXmlParser - No META-INF/validation.xml found. Using annotation based configuration only.
DEBUG com.genie3.eventsLocation.App.main() org.jboss.logging - Logging Provider: org.jboss.logging.Log4jLoggerProvider
INFO com.genie3.eventsLocation.App.main() org.hibernate.validator.internal.util.Version - HV000001: Hibernate Validator 5.1.3.Final
DEBUG com.genie3.eventsLocation.App.main() org.hibernate.validator.internal.engine.resolver.DefaultTraversableResolver - Cannot find javax.persistence.Persistence on classpath. Assuming non JPA 2 environment. All properties will per default be traversable.
DEBUG com.genie3.eventsLocation.App.main() org.hibernate.validator.internal.xml.ValidationXmlParser - Trying to load META-INF/validation.xml for XML based Validator configuration.
DEBUG com.genie3.eventsLocation.App.main() org.hibernate.validator.internal.xml.ValidationXmlParser - No META-INF/validation.xml found. Using annotation based configuration only.
DEBUG com.genie3.eventsLocation.App.main() org.jboss.logging - Logging Provider: org.jboss.logging.Log4jLoggerProvider
INFO com.genie3.eventsLocation.App.main() org.hibernate.validator.internal.util.Version - HV000001: Hibernate Validator 5.1.3.Final
DEBUG com.genie3.eventsLocation.App.main() org.hibernate.validator.internal.engine.resolver.DefaultTraversableResolver - Cannot find javax.persistence.Persistence on classpath. Assuming non JPA 2 environment. All properties will per default be traversable.
DEBUG com.genie3.eventsLocation.App.main() org.hibernate.validator.internal.xml.ValidationXmlParser - Trying to load META-INF/validation.xml for XML based Validator configuration.
DEBUG com.genie3.eventsLocation.App.main() org.hibernate.validator.internal.xml.ValidationXmlParser - No META-INF/validation.xml found. Using annotation based configuration only.
DEBUG com.genie3.eventsLocation.App.main() org.jboss.logging - Logging Provider: org.jboss.logging.Log4jLoggerProvider
INFO com.genie3.eventsLocation.App.main() org.hibernate.validator.internal.util.Version - HV000001: Hibernate Validator 5.1.3.Final
DEBUG com.genie3.eventsLocation.App.main() org.hibernate.validator.internal.engine.resolver.DefaultTraversableResolver - Cannot find javax.persistence.Persistence on classpath. Assuming non JPA 2 environment. All properties will per default be traversable.
DEBUG com.genie3.eventsLocation.App.main() org.hibernate.validator.internal.xml.ValidationXmlParser - Trying to load META-INF/validation.xml for XML based Validator configuration.
DEBUG com.genie3.eventsLocation.App.main() org.hibernate.validator.internal.xml.ValidationXmlParser - No META-INF/validation.xml found. Using annotation based configuration only.
WARN qtp1852965873-31 com.genie3.eventsLocation.filters.AuthentificationFilter - Invalid token provided!
DEBUG com.genie3.eventsLocation.App.main() org.jboss.logging - Logging Provider: org.jboss.logging.Log4jLoggerProvider
INFO com.genie3.eventsLocation.App.main() org.hibernate.validator.internal.util.Version - HV000001: Hibernate Validator 5.1.3.Final
DEBUG com.genie3.eventsLocation.App.main() org.hibernate.validator.internal.engine.resolver.DefaultTraversableResolver - Cannot find javax.persistence.Persistence on classpath. Assuming non JPA 2 environment. All properties will per default be traversable.
DEBUG com.genie3.eventsLocation.App.main() org.hibernate.validator.internal.xml.ValidationXmlParser - Trying to load META-INF/validation.xml for XML based Validator configuration.
DEBUG com.genie3.eventsLocation.App.main() org.hibernate.validator.internal.xml.ValidationXmlParser - No META-INF/validation.xml found. Using annotation based configuration only.
DEBUG com.genie3.eventsLocation.App.main() org.jboss.logging - Logging Provider: org.jboss.logging.Log4jLoggerProvider
INFO com.genie3.eventsLocation.App.main() org.hibernate.validator.internal.util.Version - HV000001: Hibernate Validator 5.1.3.Final
DEBUG com.genie3.eventsLocation.App.main() org.hibernate.validator.internal.engine.resolver.DefaultTraversableResolver - Cannot find javax.persistence.Persistence on classpath. Assuming non JPA 2 environment. All properties will per default be traversable.
DEBUG com.genie3.eventsLocation.App.main() org.hibernate.validator.internal.xml.ValidationXmlParser - Trying to load META-INF/validation.xml for XML based Validator configuration.
DEBUG com.genie3.eventsLocation.App.main() org.hibernate.validator.internal.xml.ValidationXmlParser - No META-INF/validation.xml found. Using annotation based configuration only.
DEBUG com.genie3.eventsLocation.App.main() org.jboss.logging - Logging Provider: org.jboss.logging.Log4jLoggerProvider
INFO com.genie3.eventsLocation.App.main() org.hibernate.validator.internal.util.Version - HV000001: Hibernate Validator 5.1.3.Final
DEBUG com.genie3.eventsLocation.App.main() org.hibernate.validator.internal.engine.resolver.DefaultTraversableResolver - Cannot find javax.persistence.Persistence on classpath. Assuming non JPA 2 environment. All properties will per default be traversable.
DEBUG com.genie3.eventsLocation.App.main() org.hibernate.validator.internal.xml.ValidationXmlParser - Trying to load META-INF/validation.xml for XML based Validator configuration.
DEBUG com.genie3.eventsLocation.App.main() org.hibernate.validator.internal.xml.ValidationXmlParser - No META-INF/validation.xml found. Using annotation based configuration only.
DEBUG com.genie3.eventsLocation.App.main() org.jboss.logging - Logging Provider: org.jboss.logging.Log4jLoggerProvider
INFO com.genie3.eventsLocation.App.main() org.hibernate.validator.internal.util.Version - HV000001: Hibernate Validator 5.1.3.Final
DEBUG com.genie3.eventsLocation.App.main() org.hibernate.validator.internal.engine.resolver.DefaultTraversableResolver - Cannot find javax.persistence.Persistence on classpath. Assuming non JPA 2 environment. All properties will per default be traversable.
DEBUG com.genie3.eventsLocation.App.main() org.hibernate.validator.internal.xml.ValidationXmlParser - Trying to load META-INF/validation.xml for XML based Validator configuration.
DEBUG com.genie3.eventsLocation.App.main() org.hibernate.validator.internal.xml.ValidationXmlParser - No META-INF/validation.xml found. Using annotation based configuration only.
DEBUG qtp641884936-29 org.hibernate.validator.internal.metadata.descriptor.ConstraintDescriptorImpl - Adding composing constraint: ConstraintDescriptorImpl{annotation=javax.validation.constraints.Pattern, payloads=[], hasComposingConstraints=true, isReportAsSingleInvalidConstraint=false, elementType=FIELD, definedOn=DEFINED_LOCALLY, groups=[interface javax.validation.groups.Default], attributes={flags=[Ljavax.validation.constraints.Pattern$Flag;@4e0ff40b, regexp=.*, groups=[Ljava.lang.Class;@28e7403f, message={javax.validation.constraints.Pattern.message}, payload=[Ljava.lang.Class;@6b41dd2b}, constraintType=GENERIC}.
DEBUG qtp641884936-29 org.hibernate.validator.internal.metadata.descriptor.ConstraintDescriptorImpl - Adding composing constraint: ConstraintDescriptorImpl{annotation=javax.validation.constraints.NotNull, payloads=[], hasComposingConstraints=true, isReportAsSingleInvalidConstraint=false, elementType=FIELD, definedOn=DEFINED_LOCALLY, groups=[interface javax.validation.groups.Default], attributes={message={javax.validation.constraints.NotNull.message}, payload=[Ljava.lang.Class;@3434b641, groups=[Ljava.lang.Class;@51f99d69}, constraintType=GENERIC}.
DEBUG qtp641884936-29 org.hibernate.validator.internal.metadata.descriptor.ConstraintDescriptorImpl - Adding composing constraint: ConstraintDescriptorImpl{annotation=javax.validation.constraints.NotNull, payloads=[], hasComposingConstraints=true, isReportAsSingleInvalidConstraint=false, elementType=FIELD, definedOn=DEFINED_LOCALLY, groups=[interface javax.validation.groups.Default], attributes={message={javax.validation.constraints.NotNull.message}, payload=[Ljava.lang.Class;@31adcef9, groups=[Ljava.lang.Class;@10acf44e}, constraintType=GENERIC}.
DEBUG com.genie3.eventsLocation.App.main() org.jboss.logging - Logging Provider: org.jboss.logging.Log4jLoggerProvider
INFO com.genie3.eventsLocation.App.main() org.hibernate.validator.internal.util.Version - HV000001: Hibernate Validator 5.1.3.Final
DEBUG com.genie3.eventsLocation.App.main() org.hibernate.validator.internal.engine.resolver.DefaultTraversableResolver - Cannot find javax.persistence.Persistence on classpath. Assuming non JPA 2 environment. All properties will per default be traversable.
DEBUG com.genie3.eventsLocation.App.main() org.hibernate.validator.internal.xml.ValidationXmlParser - Trying to load META-INF/validation.xml for XML based Validator configuration.
DEBUG com.genie3.eventsLocation.App.main() org.hibernate.validator.internal.xml.ValidationXmlParser - No META-INF/validation.xml found. Using annotation based configuration only.
DEBUG com.genie3.eventsLocation.App.main() org.jboss.logging - Logging Provider: org.jboss.logging.Log4jLoggerProvider
INFO com.genie3.eventsLocation.App.main() org.hibernate.validator.internal.util.Version - HV000001: Hibernate Validator 5.1.3.Final
DEBUG com.genie3.eventsLocation.App.main() org.hibernate.validator.internal.engine.resolver.DefaultTraversableResolver - Cannot find javax.persistence.Persistence on classpath. Assuming non JPA 2 environment. All properties will per default be traversable.
DEBUG com.genie3.eventsLocation.App.main() org.hibernate.validator.internal.xml.ValidationXmlParser - Trying to load META-INF/validation.xml for XML based Validator configuration.
DEBUG com.genie3.eventsLocation.App.main() org.hibernate.validator.internal.xml.ValidationXmlParser - No META-INF/validation.xml found. Using annotation based configuration only.
DEBUG com.genie3.eventsLocation.App.main() org.jboss.logging - Logging Provider: org.jboss.logging.Log4jLoggerProvider
INFO com.genie3.eventsLocation.App.main() org.hibernate.validator.internal.util.Version - HV000001: Hibernate Validator 5.1.3.Final
DEBUG com.genie3.eventsLocation.App.main() org.hibernate.validator.internal.engine.resolver.DefaultTraversableResolver - Cannot find javax.persistence.Persistence on classpath. Assuming non JPA 2 environment. All properties will per default be traversable.
DEBUG com.genie3.eventsLocation.App.main() org.hibernate.validator.internal.xml.ValidationXmlParser - Trying to load META-INF/validation.xml for XML based Validator configuration.
DEBUG com.genie3.eventsLocation.App.main() org.hibernate.validator.internal.xml.ValidationXmlParser - No META-INF/validation.xml found. Using annotation based configuration only.
DEBUG com.genie3.eventsLocation.App.main() org.jboss.logging - Logging Provider: org.jboss.logging.Log4jLoggerProvider
INFO com.genie3.eventsLocation.App.main() org.hibernate.validator.internal.util.Version - HV000001: Hibernate Validator 5.1.3.Final
DEBUG com.genie3.eventsLocation.App.main() org.hibernate.validator.internal.engine.resolver.DefaultTraversableResolver - Cannot find javax.persistence.Persistence on classpath. Assuming non JPA 2 environment. All properties will per default be traversable.
DEBUG com.genie3.eventsLocation.App.main() org.hibernate.validator.internal.xml.ValidationXmlParser - Trying to load META-INF/validation.xml for XML based Validator configuration.
DEBUG com.genie3.eventsLocation.App.main() org.hibernate.validator.internal.xml.ValidationXmlParser - No META-INF/validation.xml found. Using annotation based configuration only.
WARN qtp833732706-29 com.genie3.eventsLocation.filters.AuthentificationFilter - Invalid token provided!
DEBUG com.genie3.eventsLocation.App.main() org.jboss.logging - Logging Provider: org.jboss.logging.Log4jLoggerProvider
INFO com.genie3.eventsLocation.App.main() org.hibernate.validator.internal.util.Version - HV000001: Hibernate Validator 5.1.3.Final
DEBUG com.genie3.eventsLocation.App.main() org.hibernate.validator.internal.engine.resolver.DefaultTraversableResolver - Cannot find javax.persistence.Persistence on classpath. Assuming non JPA 2 environment. All properties will per default be traversable.
DEBUG com.genie3.eventsLocation.App.main() org.hibernate.validator.internal.xml.ValidationXmlParser - Trying to load META-INF/validation.xml for XML based Validator configuration.
DEBUG com.genie3.eventsLocation.App.main() org.hibernate.validator.internal.xml.ValidationXmlParser - No META-INF/validation.xml found. Using annotation based configuration only.
DEBUG qtp833732706-28 org.hibernate.validator.internal.metadata.descriptor.ConstraintDescriptorImpl - Adding composing constraint: ConstraintDescriptorImpl{annotation=javax.validation.constraints.Pattern, payloads=[], hasComposingConstraints=true, isReportAsSingleInvalidConstraint=false, elementType=FIELD, definedOn=DEFINED_LOCALLY, groups=[interface javax.validation.groups.Default], attributes={flags=[Ljavax.validation.constraints.Pattern$Flag;@6dedee14, regexp=.*, groups=[Ljava.lang.Class;@7ef7de5d, message={javax.validation.constraints.Pattern.message}, payload=[Ljava.lang.Class;@1167a0d5}, constraintType=GENERIC}.
DEBUG qtp833732706-28 org.hibernate.validator.internal.metadata.descriptor.ConstraintDescriptorImpl - Adding composing constraint: ConstraintDescriptorImpl{annotation=javax.validation.constraints.NotNull, payloads=[], hasComposingConstraints=true, isReportAsSingleInvalidConstraint=false, elementType=FIELD, definedOn=DEFINED_LOCALLY, groups=[interface javax.validation.groups.Default], attributes={message={javax.validation.constraints.NotNull.message}, payload=[Ljava.lang.Class;@43c079a4, groups=[Ljava.lang.Class;@6f0d1801}, constraintType=GENERIC}.
DEBUG qtp833732706-28 org.hibernate.validator.internal.metadata.descriptor.ConstraintDescriptorImpl - Adding composing constraint: ConstraintDescriptorImpl{annotation=javax.validation.constraints.NotNull, payloads=[], hasComposingConstraints=true, isReportAsSingleInvalidConstraint=false, elementType=FIELD, definedOn=DEFINED_LOCALLY, groups=[interface javax.validation.groups.Default], attributes={message={javax.validation.constraints.NotNull.message}, payload=[Ljava.lang.Class;@3a8ce80f, groups=[Ljava.lang.Class;@13759d53}, constraintType=GENERIC}.
DEBUG com.genie3.eventsLocation.App.main() org.jboss.logging - Logging Provider: org.jboss.logging.Log4jLoggerProvider
INFO com.genie3.eventsLocation.App.main() org.hibernate.validator.internal.util.Version - HV000001: Hibernate Validator 5.1.3.Final
DEBUG com.genie3.eventsLocation.App.main() org.hibernate.validator.internal.engine.resolver.DefaultTraversableResolver - Cannot find javax.persistence.Persistence on classpath. Assuming non JPA 2 environment. All properties will per default be traversable.
DEBUG com.genie3.eventsLocation.App.main() org.hibernate.validator.internal.xml.ValidationXmlParser - Trying to load META-INF/validation.xml for XML based Validator configuration.
DEBUG com.genie3.eventsLocation.App.main() org.hibernate.validator.internal.xml.ValidationXmlParser - No META-INF/validation.xml found. Using annotation based configuration only.
DEBUG com.genie3.eventsLocation.App.main() org.jboss.logging - Logging Provider: org.jboss.logging.Log4jLoggerProvider
INFO com.genie3.eventsLocation.App.main() org.hibernate.validator.internal.util.Version - HV000001: Hibernate Validator 5.1.3.Final
DEBUG com.genie3.eventsLocation.App.main() org.hibernate.validator.internal.engine.resolver.DefaultTraversableResolver - Cannot find javax.persistence.Persistence on classpath. Assuming non JPA 2 environment. All properties will per default be traversable.
DEBUG com.genie3.eventsLocation.App.main() org.hibernate.validator.internal.xml.ValidationXmlParser - Trying to load META-INF/validation.xml for XML based Validator configuration.
DEBUG com.genie3.eventsLocation.App.main() org.hibernate.validator.internal.xml.ValidationXmlParser - No META-INF/validation.xml found. Using annotation based configuration only.
DEBUG com.genie3.eventsLocation.App.main() org.jboss.logging - Logging Provider: org.jboss.logging.Log4jLoggerProvider
INFO com.genie3.eventsLocation.App.main() org.hibernate.validator.internal.util.Version - HV000001: Hibernate Validator 5.1.3.Final
DEBUG com.genie3.eventsLocation.App.main() org.hibernate.validator.internal.engine.resolver.DefaultTraversableResolver - Cannot find javax.persistence.Persistence on classpath. Assuming non JPA 2 environment. All properties will per default be traversable.
DEBUG com.genie3.eventsLocation.App.main() org.hibernate.validator.internal.xml.ValidationXmlParser - Trying to load META-INF/validation.xml for XML based Validator configuration.
DEBUG com.genie3.eventsLocation.App.main() org.hibernate.validator.internal.xml.ValidationXmlParser - No META-INF/validation.xml found. Using annotation based configuration only.
DEBUG com.genie3.eventsLocation.App.main() org.jboss.logging - Logging Provider: org.jboss.logging.Log4jLoggerProvider
INFO com.genie3.eventsLocation.App.main() org.hibernate.validator.internal.util.Version - HV000001: Hibernate Validator 5.1.3.Final
DEBUG com.genie3.eventsLocation.App.main() org.hibernate.validator.internal.engine.resolver.DefaultTraversableResolver - Cannot find javax.persistence.Persistence on classpath. Assuming non JPA 2 environment. All properties will per default be traversable.
DEBUG com.genie3.eventsLocation.App.main() org.hibernate.validator.internal.xml.ValidationXmlParser - Trying to load META-INF/validation.xml for XML based Validator configuration.
DEBUG com.genie3.eventsLocation.App.main() org.hibernate.validator.internal.xml.ValidationXmlParser - No META-INF/validation.xml found. Using annotation based configuration only.
DEBUG qtp1939000154-34 org.hibernate.validator.internal.metadata.descriptor.ConstraintDescriptorImpl - Adding composing constraint: ConstraintDescriptorImpl{annotation=javax.validation.constraints.Pattern, payloads=[], hasComposingConstraints=true, isReportAsSingleInvalidConstraint=false, elementType=FIELD, definedOn=DEFINED_LOCALLY, groups=[interface javax.validation.groups.Default], attributes={flags=[Ljavax.validation.constraints.Pattern$Flag;@69f7c9d8, regexp=.*, groups=[Ljava.lang.Class;@5cbe9a5a, message={javax.validation.constraints.Pattern.message}, payload=[Ljava.lang.Class;@37f3d5d7}, constraintType=GENERIC}.
DEBUG qtp1939000154-34 org.hibernate.validator.internal.metadata.descriptor.ConstraintDescriptorImpl - Adding composing constraint: ConstraintDescriptorImpl{annotation=javax.validation.constraints.NotNull, payloads=[], hasComposingConstraints=true, isReportAsSingleInvalidConstraint=false, elementType=FIELD, definedOn=DEFINED_LOCALLY, groups=[interface javax.validation.groups.Default], attributes={message={javax.validation.constraints.NotNull.message}, payload=[Ljava.lang.Class;@686ba1b3, groups=[Ljava.lang.Class;@411f8c04}, constraintType=GENERIC}.
DEBUG qtp1939000154-34 org.hibernate.validator.internal.metadata.descriptor.ConstraintDescriptorImpl - Adding composing constraint: ConstraintDescriptorImpl{annotation=javax.validation.constraints.NotNull, payloads=[], hasComposingConstraints=true, isReportAsSingleInvalidConstraint=false, elementType=FIELD, definedOn=DEFINED_LOCALLY, groups=[interface javax.validation.groups.Default], attributes={message={javax.validation.constraints.NotNull.message}, payload=[Ljava.lang.Class;@5fac7ced, groups=[Ljava.lang.Class;@63428a91}, constraintType=GENERIC}.
WARN qtp1939000154-36 com.genie3.eventsLocation.filters.AuthentificationFilter - Invalid token provided!
